This file contains any messages produced by compilers while
running configure, to aid debugging if configure makes a mistake.

It was created by Epson Inkjet Printer Driver (ESC/P-R) for Linux configure 1.8.5, which was
generated by GNU Autoconf 2.69.  Invocation command line was

  $ ./configure 

## --------- ##
## Platform. ##
## --------- ##

hostname = WahpenayoPeak.tahoma.link
uname -m = x86_64
uname -r = 6.8.0-47-generic
uname -s = Linux
uname -v = #47-Ubuntu SMP PREEMPT_DYNAMIC Fri Sep 27 21:40:26 UTC 2024

/usr/bin/uname -p = x86_64
/bin/uname -X     = unknown

/bin/arch              = x86_64
/usr/bin/arch -k       = unknown
/usr/convex/getsysinfo = unknown
/usr/bin/hostinfo      = unknown
/bin/machine           = unknown
/usr/bin/oslevel       = unknown
/bin/universe          = unknown

PATH: /home/erikbeck/.cargo/bin
PATH: /home/erikbeck/.local/bin
PATH: /home/erikbeck/bin
PATH: /usr/local/sbin
PATH: /usr/local/bin
PATH: /usr/sbin
PATH: /usr/bin
PATH: /sbin
PATH: /bin
PATH: /usr/games
PATH: /usr/local/games
PATH: /snap/bin
PATH: /home/erikbeck/.local/bin
PATH: /usr/local/go/bin
PATH: /home/erikbeck/go/bin
PATH: /usr/local/bin/python3.11/bin
PATH: /home/erikbeck/.local/bin


## ----------- ##
## Core tests. ##
## ----------- ##

configure:2356: checking for a BSD-compatible install
configure:2424: result: /usr/bin/install -c
configure:2435: checking whether build environment is sane
configure:2490: result: yes
configure:2641: checking for a thread-safe mkdir -p
configure:2680: result: /usr/bin/mkdir -p
configure:2687: checking for gawk
configure:2703: found /usr/bin/gawk
configure:2714: result: gawk
configure:2725: checking whether make sets $(MAKE)
configure:2747: result: yes
configure:2776: checking whether make supports nested variables
configure:2793: result: yes
configure:2968: checking for gcc
configure:2984: found /usr/bin/gcc
configure:2995: result: gcc
configure:3224: checking for C compiler version
configure:3233: gcc --version >&5
gcc (Ubuntu 13.2.0-23ubuntu4) 13.2.0
Copyright (C) 2023 Free Software Foundation, Inc.
This is free software; see the source for copying conditions.  There is NO
warranty; not even for MERCHANTABILITY or FITNESS FOR A PARTICULAR PURPOSE.

configure:3244: $? = 0
configure:3233: gcc -v >&5
Using built-in specs.
COLLECT_GCC=gcc
COLLECT_LTO_WRAPPER=/usr/libexec/gcc/x86_64-linux-gnu/13/lto-wrapper
OFFLOAD_TARGET_NAMES=nvptx-none:amdgcn-amdhsa
OFFLOAD_TARGET_DEFAULT=1
Target: x86_64-linux-gnu
Configured with: ../src/configure -v --with-pkgversion='Ubuntu 13.2.0-23ubuntu4' --with-bugurl=file:///usr/share/doc/gcc-13/README.Bugs --enable-languages=c,ada,c++,go,d,fortran,objc,obj-c++,m2 --prefix=/usr --with-gcc-major-version-only --program-suffix=-13 --program-prefix=x86_64-linux-gnu- --enable-shared --enable-linker-build-id --libexecdir=/usr/libexec --without-included-gettext --enable-threads=posix --libdir=/usr/lib --enable-nls --enable-clocale=gnu --enable-libstdcxx-debug --enable-libstdcxx-time=yes --with-default-libstdcxx-abi=new --enable-libstdcxx-backtrace --enable-gnu-unique-object --disable-vtable-verify --enable-plugin --enable-default-pie --with-system-zlib --enable-libphobos-checking=release --with-target-system-zlib=auto --enable-objc-gc=auto --enable-multiarch --disable-werror --enable-cet --with-arch-32=i686 --with-abi=m64 --with-multilib-list=m32,m64,mx32 --enable-multilib --with-tune=generic --enable-offload-targets=nvptx-none=/build/gcc-13-uJ7kn6/gcc-13-13.2.0/debian/tmp-nvptx/usr,amdgcn-amdhsa=/build/gcc-13-uJ7kn6/gcc-13-13.2.0/debian/tmp-gcn/usr --enable-offload-defaulted --without-cuda-driver --enable-checking=release --build=x86_64-linux-gnu --host=x86_64-linux-gnu --target=x86_64-linux-gnu
Thread model: posix
Supported LTO compression algorithms: zlib zstd
gcc version 13.2.0 (Ubuntu 13.2.0-23ubuntu4) 
... rest of stderr output deleted ...
configure:3244: $? = 0
configure:3233: gcc -V >&5
gcc: error: unrecognized command-line option '-V'
gcc: fatal error: no input files
compilation terminated.
configure:3244: $? = 1
configure:3233: gcc -qversion >&5
gcc: error: unrecognized command-line option '-qversion'; did you mean '--version'?
gcc: fatal error: no input files
compilation terminated.
configure:3244: $? = 1
configure:3264: checking whether the C compiler works
configure:3286: gcc    conftest.c  >&5
configure:3290: $? = 0
configure:3338: result: yes
configure:3341: checking for C compiler default output file name
configure:3343: result: a.out
configure:3349: checking for suffix of executables
configure:3356: gcc -o conftest    conftest.c  >&5
configure:3360: $? = 0
configure:3382: result: 
configure:3404: checking whether we are cross compiling
configure:3412: gcc -o conftest    conftest.c  >&5
configure:3416: $? = 0
configure:3423: ./conftest
configure:3427: $? = 0
configure:3442: result: no
configure:3447: checking for suffix of object files
configure:3469: gcc -c   conftest.c >&5
configure:3473: $? = 0
configure:3494: result: o
configure:3498: checking whether we are using the GNU C compiler
configure:3517: gcc -c   conftest.c >&5
configure:3517: $? = 0
configure:3526: result: yes
configure:3535: checking whether gcc accepts -g
configure:3555: gcc -c -g  conftest.c >&5
configure:3555: $? = 0
configure:3596: result: yes
configure:3613: checking for gcc option to accept ISO C89
configure:3676: gcc  -c -g -O2  conftest.c >&5
configure:3676: $? = 0
configure:3689: result: none needed
configure:3714: checking whether gcc understands -c and -o together
configure:3736: gcc -c conftest.c -o conftest2.o
configure:3739: $? = 0
configure:3736: gcc -c conftest.c -o conftest2.o
configure:3739: $? = 0
configure:3751: result: yes
configure:3779: checking for style of include used by make
configure:3807: result: GNU
configure:3833: checking dependency style of gcc
configure:3944: result: gcc3
configure:3960: checking for an ANSI C-conforming const
configure:4026: gcc -c -g -O2  conftest.c >&5
configure:4026: $? = 0
configure:4033: result: yes
configure:4046: checking how to run the C preprocessor
configure:4077: gcc -E  conftest.c
configure:4077: $? = 0
configure:4091: gcc -E  conftest.c
conftest.c:11:10: fatal error: ac_nonexistent.h: No such file or directory
   11 | #include <ac_nonexistent.h>
      |          ^~~~~~~~~~~~~~~~~~
compilation terminated.
configure:4091: $? = 1
configure: failed program was:
| /* confdefs.h */
| #define PACKAGE_NAME "Epson Inkjet Printer Driver (ESC/P-R) for Linux"
| #define PACKAGE_TARNAME "epson-inkjet-printer-escpr"
| #define PACKAGE_VERSION "1.8.5"
| #define PACKAGE_STRING "Epson Inkjet Printer Driver (ESC/P-R) for Linux 1.8.5"
| #define PACKAGE_BUGREPORT "Seiko Epson Corporation <linux-printer@epson.jp>"
| #define PACKAGE_URL ""
| #define PACKAGE "epson-inkjet-printer-escpr"
| #define VERSION "1.8.5"
| /* end confdefs.h.  */
| #include <ac_nonexistent.h>
configure:4116: result: gcc -E
configure:4136: gcc -E  conftest.c
configure:4136: $? = 0
configure:4150: gcc -E  conftest.c
conftest.c:11:10: fatal error: ac_nonexistent.h: No such file or directory
   11 | #include <ac_nonexistent.h>
      |          ^~~~~~~~~~~~~~~~~~
compilation terminated.
configure:4150: $? = 1
configure: failed program was:
| /* confdefs.h */
| #define PACKAGE_NAME "Epson Inkjet Printer Driver (ESC/P-R) for Linux"
| #define PACKAGE_TARNAME "epson-inkjet-printer-escpr"
| #define PACKAGE_VERSION "1.8.5"
| #define PACKAGE_STRING "Epson Inkjet Printer Driver (ESC/P-R) for Linux 1.8.5"
| #define PACKAGE_BUGREPORT "Seiko Epson Corporation <linux-printer@epson.jp>"
| #define PACKAGE_URL ""
| #define PACKAGE "epson-inkjet-printer-escpr"
| #define VERSION "1.8.5"
| /* end confdefs.h.  */
| #include <ac_nonexistent.h>
configure:4179: checking whether ln -s works
configure:4183: result: yes
configure:4219: checking build system type
configure:4233: result: x86_64-pc-linux-gnu
configure:4253: checking host system type
configure:4266: result: x86_64-pc-linux-gnu
configure:4307: checking how to print strings
configure:4334: result: printf
configure:4355: checking for a sed that does not truncate output
configure:4419: result: /usr/bin/sed
configure:4437: checking for grep that handles long lines and -e
configure:4495: result: /usr/bin/grep
configure:4500: checking for egrep
configure:4562: result: /usr/bin/grep -E
configure:4567: checking for fgrep
configure:4629: result: /usr/bin/grep -F
configure:4664: checking for ld used by gcc
configure:4731: result: /usr/bin/ld
configure:4738: checking if the linker (/usr/bin/ld) is GNU ld
configure:4753: result: yes
configure:4765: checking for BSD- or MS-compatible name lister (nm)
configure:4819: result: /usr/bin/nm -B
configure:4949: checking the name lister (/usr/bin/nm -B) interface
configure:4956: gcc -c -g -O2  conftest.c >&5
configure:4959: /usr/bin/nm -B "conftest.o"
configure:4962: output
0000000000000000 B some_variable
configure:4969: result: BSD nm
configure:4973: checking the maximum length of command line arguments
configure:5104: result: 1572864
configure:5152: checking how to convert x86_64-pc-linux-gnu file names to x86_64-pc-linux-gnu format
configure:5192: result: func_convert_file_noop
configure:5199: checking how to convert x86_64-pc-linux-gnu file names to toolchain format
configure:5219: result: func_convert_file_noop
configure:5226: checking for /usr/bin/ld option to reload object files
configure:5233: result: -r
configure:5307: checking for objdump
configure:5323: found /usr/bin/objdump
configure:5334: result: objdump
configure:5366: checking how to recognize dependent libraries
configure:5566: result: pass_all
configure:5651: checking for dlltool
configure:5681: result: no
configure:5711: checking how to associate runtime and link libraries
configure:5738: result: printf %s\n
configure:5798: checking for ar
configure:5814: found /usr/bin/ar
configure:5825: result: ar
configure:5862: checking for archiver @FILE support
configure:5879: gcc -c -g -O2  conftest.c >&5
configure:5879: $? = 0
configure:5882: ar cru libconftest.a @conftest.lst >&5
ar: `u' modifier ignored since `D' is the default (see `U')
configure:5885: $? = 0
configure:5890: ar cru libconftest.a @conftest.lst >&5
ar: `u' modifier ignored since `D' is the default (see `U')
ar: conftest.o: No such file or directory
configure:5893: $? = 1
configure:5905: result: @
configure:5963: checking for strip
configure:5979: found /usr/bin/strip
configure:5990: result: strip
configure:6062: checking for ranlib
configure:6078: found /usr/bin/ranlib
configure:6089: result: ranlib
configure:6191: checking command to parse /usr/bin/nm -B output from gcc object
configure:6344: gcc -c -g -O2  conftest.c >&5
configure:6347: $? = 0
configure:6351: /usr/bin/nm -B conftest.o \| sed -n -e 's/^.*[ ]\([ABCDGIRSTW][ABCDGIRSTW]*\)[ ][ ]*\([_A-Za-z][_A-Za-z0-9]*\)$/\1 \2 \2/p' | sed '/ __gnu_lto/d' \> conftest.nm
configure:6354: $? = 0
configure:6420: gcc -o conftest -g -O2   conftest.c conftstm.o >&5
configure:6423: $? = 0
configure:6461: result: ok
configure:6508: checking for sysroot
configure:6538: result: no
configure:6545: checking for a working dd
configure:6583: result: /usr/bin/dd
configure:6587: checking how to truncate binary pipes
configure:6602: result: /usr/bin/dd bs=4096 count=1
configure:6738: gcc -c -g -O2  conftest.c >&5
configure:6741: $? = 0
configure:6931: checking for mt
configure:6947: found /usr/bin/mt
configure:6958: result: mt
configure:6981: checking if mt is a manifest tool
configure:6987: mt '-?'
configure:6995: result: no
configure:7668: checking for ANSI C header files
configure:7688: gcc -c -g -O2  conftest.c >&5
configure:7688: $? = 0
configure:7761: gcc -o conftest -g -O2   conftest.c  >&5
configure:7761: $? = 0
configure:7761: ./conftest
configure:7761: $? = 0
configure:7772: result: yes
configure:7785: checking for sys/types.h
configure:7785: gcc -c -g -O2  conftest.c >&5
configure:7785: $? = 0
configure:7785: result: yes
configure:7785: checking for sys/stat.h
configure:7785: gcc -c -g -O2  conftest.c >&5
configure:7785: $? = 0
configure:7785: result: yes
configure:7785: checking for stdlib.h
configure:7785: gcc -c -g -O2  conftest.c >&5
configure:7785: $? = 0
configure:7785: result: yes
configure:7785: checking for string.h
configure:7785: gcc -c -g -O2  conftest.c >&5
configure:7785: $? = 0
configure:7785: result: yes
configure:7785: checking for memory.h
configure:7785: gcc -c -g -O2  conftest.c >&5
configure:7785: $? = 0
configure:7785: result: yes
configure:7785: checking for strings.h
configure:7785: gcc -c -g -O2  conftest.c >&5
configure:7785: $? = 0
configure:7785: result: yes
configure:7785: checking for inttypes.h
configure:7785: gcc -c -g -O2  conftest.c >&5
configure:7785: $? = 0
configure:7785: result: yes
configure:7785: checking for stdint.h
configure:7785: gcc -c -g -O2  conftest.c >&5
configure:7785: $? = 0
configure:7785: result: yes
configure:7785: checking for unistd.h
configure:7785: gcc -c -g -O2  conftest.c >&5
configure:7785: $? = 0
configure:7785: result: yes
configure:7799: checking for dlfcn.h
configure:7799: gcc -c -g -O2  conftest.c >&5
configure:7799: $? = 0
configure:7799: result: yes
configure:8055: checking for objdir
configure:8070: result: .libs
configure:8334: checking if gcc supports -fno-rtti -fno-exceptions
configure:8352: gcc -c -g -O2  -fno-rtti -fno-exceptions conftest.c >&5
cc1: warning: command-line option '-fno-rtti' is valid for C++/D/ObjC++ but not for C
configure:8356: $? = 0
configure:8369: result: no
configure:8727: checking for gcc option to produce PIC
configure:8734: result: -fPIC -DPIC
configure:8742: checking if gcc PIC flag -fPIC -DPIC works
configure:8760: gcc -c -g -O2  -fPIC -DPIC -DPIC conftest.c >&5
configure:8764: $? = 0
configure:8777: result: yes
configure:8806: checking if gcc static flag -static works
configure:8834: result: yes
configure:8849: checking if gcc supports -c -o file.o
configure:8870: gcc -c -g -O2  -o out/conftest2.o conftest.c >&5
configure:8874: $? = 0
configure:8896: result: yes
configure:8904: checking if gcc supports -c -o file.o
configure:8951: result: yes
configure:8984: checking whether the gcc linker (/usr/bin/ld -m elf_x86_64) supports shared libraries
configure:10247: result: yes
configure:10284: checking whether -lc should be explicitly linked in
configure:10292: gcc -c -g -O2  conftest.c >&5
configure:10295: $? = 0
configure:10310: gcc -shared  -fPIC -DPIC conftest.o  -v -Wl,-soname -Wl,conftest -o conftest 2\>\&1 \| /usr/bin/grep  -lc  \>/dev/null 2\>\&1
configure:10313: $? = 0
configure:10327: result: no
configure:10487: checking dynamic linker characteristics
configure:11068: gcc -o conftest -g -O2   -Wl,-rpath -Wl,/foo conftest.c  >&5
configure:11068: $? = 0
configure:11317: result: GNU/Linux ld.so
configure:11439: checking how to hardcode library paths into programs
configure:11464: result: immediate
configure:12012: checking whether stripping libraries is possible
configure:12017: result: yes
configure:12052: checking if libtool supports shared libraries
configure:12054: result: yes
configure:12057: checking whether to build shared libraries
configure:12082: result: yes
configure:12085: checking whether to build static libraries
configure:12089: result: yes
configure:12130: checking for cups-config
configure:12146: found /usr/bin/cups-config
configure:12158: result: yes
configure:12248: checking for ANSI C header files
configure:12352: result: yes
configure:12360: checking whether stat file-mode macros are broken
configure:12387: gcc -c -g -O2  conftest.c >&5
configure:12387: $? = 0
configure:12394: result: no
configure:12402: checking whether time.h and sys/time.h may both be included
configure:12422: gcc -c -g -O2  conftest.c >&5
configure:12422: $? = 0
configure:12429: result: yes
configure:12437: checking whether struct tm is in sys/time.h or time.h
configure:12457: gcc -c -g -O2  conftest.c >&5
configure:12457: $? = 0
configure:12464: result: time.h
configure:12472: checking for pid_t
configure:12472: gcc -c -g -O2  conftest.c >&5
configure:12472: $? = 0
configure:12472: gcc -c -g -O2  conftest.c >&5
conftest.c: In function 'main':
conftest.c:61:20: error: expected expression before ')' token
   61 | if (sizeof ((pid_t)))
      |                    ^
configure:12472: $? = 1
configure: failed program was:
| /* confdefs.h */
| #define PACKAGE_NAME "Epson Inkjet Printer Driver (ESC/P-R) for Linux"
| #define PACKAGE_TARNAME "epson-inkjet-printer-escpr"
| #define PACKAGE_VERSION "1.8.5"
| #define PACKAGE_STRING "Epson Inkjet Printer Driver (ESC/P-R) for Linux 1.8.5"
| #define PACKAGE_BUGREPORT "Seiko Epson Corporation <linux-printer@epson.jp>"
| #define PACKAGE_URL ""
| #define PACKAGE "epson-inkjet-printer-escpr"
| #define VERSION "1.8.5"
| #define STDC_HEADERS 1
| #define HAVE_SYS_TYPES_H 1
| #define HAVE_SYS_STAT_H 1
| #define HAVE_STDLIB_H 1
| #define HAVE_STRING_H 1
| #define HAVE_MEMORY_H 1
| #define HAVE_STRINGS_H 1
| #define HAVE_INTTYPES_H 1
| #define HAVE_STDINT_H 1
| #define HAVE_UNISTD_H 1
| #define HAVE_DLFCN_H 1
| #define LT_OBJDIR ".libs/"
| #define STDC_HEADERS 1
| #define TIME_WITH_SYS_TIME 1
| /* end confdefs.h.  */
| #include <stdio.h>
| #ifdef HAVE_SYS_TYPES_H
| # include <sys/types.h>
| #endif
| #ifdef HAVE_SYS_STAT_H
| # include <sys/stat.h>
| #endif
| #ifdef STDC_HEADERS
| # include <stdlib.h>
| # include <stddef.h>
| #else
| # ifdef HAVE_STDLIB_H
| #  include <stdlib.h>
| # endif
| #endif
| #ifdef HAVE_STRING_H
| # if !defined STDC_HEADERS && defined HAVE_MEMORY_H
| #  include <memory.h>
| # endif
| # include <string.h>
| #endif
| #ifdef HAVE_STRINGS_H
| # include <strings.h>
| #endif
| #ifdef HAVE_INTTYPES_H
| # include <inttypes.h>
| #endif
| #ifdef HAVE_STDINT_H
| # include <stdint.h>
| #endif
| #ifdef HAVE_UNISTD_H
| # include <unistd.h>
| #endif
| int
| main ()
| {
| if (sizeof ((pid_t)))
| 	    return 0;
|   ;
|   return 0;
| }
configure:12472: result: yes
configure:12483: checking for size_t
configure:12483: gcc -c -g -O2  conftest.c >&5
configure:12483: $? = 0
configure:12483: gcc -c -g -O2  conftest.c >&5
conftest.c: In function 'main':
conftest.c:61:21: error: expected expression before ')' token
   61 | if (sizeof ((size_t)))
      |                     ^
configure:12483: $? = 1
configure: failed program was:
| /* confdefs.h */
| #define PACKAGE_NAME "Epson Inkjet Printer Driver (ESC/P-R) for Linux"
| #define PACKAGE_TARNAME "epson-inkjet-printer-escpr"
| #define PACKAGE_VERSION "1.8.5"
| #define PACKAGE_STRING "Epson Inkjet Printer Driver (ESC/P-R) for Linux 1.8.5"
| #define PACKAGE_BUGREPORT "Seiko Epson Corporation <linux-printer@epson.jp>"
| #define PACKAGE_URL ""
| #define PACKAGE "epson-inkjet-printer-escpr"
| #define VERSION "1.8.5"
| #define STDC_HEADERS 1
| #define HAVE_SYS_TYPES_H 1
| #define HAVE_SYS_STAT_H 1
| #define HAVE_STDLIB_H 1
| #define HAVE_STRING_H 1
| #define HAVE_MEMORY_H 1
| #define HAVE_STRINGS_H 1
| #define HAVE_INTTYPES_H 1
| #define HAVE_STDINT_H 1
| #define HAVE_UNISTD_H 1
| #define HAVE_DLFCN_H 1
| #define LT_OBJDIR ".libs/"
| #define STDC_HEADERS 1
| #define TIME_WITH_SYS_TIME 1
| /* end confdefs.h.  */
| #include <stdio.h>
| #ifdef HAVE_SYS_TYPES_H
| # include <sys/types.h>
| #endif
| #ifdef HAVE_SYS_STAT_H
| # include <sys/stat.h>
| #endif
| #ifdef STDC_HEADERS
| # include <stdlib.h>
| # include <stddef.h>
| #else
| # ifdef HAVE_STDLIB_H
| #  include <stdlib.h>
| # endif
| #endif
| #ifdef HAVE_STRING_H
| # if !defined STDC_HEADERS && defined HAVE_MEMORY_H
| #  include <memory.h>
| # endif
| # include <string.h>
| #endif
| #ifdef HAVE_STRINGS_H
| # include <strings.h>
| #endif
| #ifdef HAVE_INTTYPES_H
| # include <inttypes.h>
| #endif
| #ifdef HAVE_STDINT_H
| # include <stdint.h>
| #endif
| #ifdef HAVE_UNISTD_H
| # include <unistd.h>
| #endif
| int
| main ()
| {
| if (sizeof ((size_t)))
| 	    return 0;
|   ;
|   return 0;
| }
configure:12483: result: yes
configure:12502: checking cups/cups.h usability
configure:12502: gcc -c -g -O2  conftest.c >&5
configure:12502: $? = 0
configure:12502: result: yes
configure:12502: checking cups/cups.h presence
configure:12502: gcc -E  conftest.c
configure:12502: $? = 0
configure:12502: result: yes
configure:12502: checking for cups/cups.h
configure:12502: result: yes
configure:12502: checking cups/ppd.h usability
configure:12502: gcc -c -g -O2  conftest.c >&5
configure:12502: $? = 0
configure:12502: result: yes
configure:12502: checking cups/ppd.h presence
configure:12502: gcc -E  conftest.c
configure:12502: $? = 0
configure:12502: result: yes
configure:12502: checking for cups/ppd.h
configure:12502: result: yes
configure:12502: checking cups/raster.h usability
configure:12502: gcc -c -g -O2  conftest.c >&5
configure:12502: $? = 0
configure:12502: result: yes
configure:12502: checking cups/raster.h presence
configure:12502: gcc -E  conftest.c
configure:12502: $? = 0
configure:12502: result: yes
configure:12502: checking for cups/raster.h
configure:12502: result: yes
configure:12529: checking ctype.h usability
configure:12529: gcc -c -g -O2  conftest.c >&5
configure:12529: $? = 0
configure:12529: result: yes
configure:12529: checking ctype.h presence
configure:12529: gcc -E  conftest.c
configure:12529: $? = 0
configure:12529: result: yes
configure:12529: checking for ctype.h
configure:12529: result: yes
configure:12529: checking errno.h usability
configure:12529: gcc -c -g -O2  conftest.c >&5
configure:12529: $? = 0
configure:12529: result: yes
configure:12529: checking errno.h presence
configure:12529: gcc -E  conftest.c
configure:12529: $? = 0
configure:12529: result: yes
configure:12529: checking for errno.h
configure:12529: result: yes
configure:12529: checking fcntl.h usability
configure:12529: gcc -c -g -O2  conftest.c >&5
configure:12529: $? = 0
configure:12529: result: yes
configure:12529: checking fcntl.h presence
configure:12529: gcc -E  conftest.c
configure:12529: $? = 0
configure:12529: result: yes
configure:12529: checking for fcntl.h
configure:12529: result: yes
configure:12529: checking malloc.h usability
configure:12529: gcc -c -g -O2  conftest.c >&5
configure:12529: $? = 0
configure:12529: result: yes
configure:12529: checking malloc.h presence
configure:12529: gcc -E  conftest.c
configure:12529: $? = 0
configure:12529: result: yes
configure:12529: checking for malloc.h
configure:12529: result: yes
configure:12529: checking signal.h usability
configure:12529: gcc -c -g -O2  conftest.c >&5
configure:12529: $? = 0
configure:12529: result: yes
configure:12529: checking signal.h presence
configure:12529: gcc -E  conftest.c
configure:12529: $? = 0
configure:12529: result: yes
configure:12529: checking for signal.h
configure:12529: result: yes
configure:12529: checking stdarg.h usability
configure:12529: gcc -c -g -O2  conftest.c >&5
configure:12529: $? = 0
configure:12529: result: yes
configure:12529: checking stdarg.h presence
configure:12529: gcc -E  conftest.c
configure:12529: $? = 0
configure:12529: result: yes
configure:12529: checking for stdarg.h
configure:12529: result: yes
configure:12529: checking stddef.h usability
configure:12529: gcc -c -g -O2  conftest.c >&5
configure:12529: $? = 0
configure:12529: result: yes
configure:12529: checking stddef.h presence
configure:12529: gcc -E  conftest.c
configure:12529: $? = 0
configure:12529: result: yes
configure:12529: checking for stddef.h
configure:12529: result: yes
configure:12529: checking for stdlib.h
configure:12529: result: yes
configure:12529: checking for string.h
configure:12529: result: yes
configure:12529: checking for sys/stat.h
configure:12529: result: yes
configure:12529: checking for sys/types.h
configure:12529: result: yes
configure:12529: checking time.h usability
configure:12529: gcc -c -g -O2  conftest.c >&5
configure:12529: $? = 0
configure:12529: result: yes
configure:12529: checking time.h presence
configure:12529: gcc -E  conftest.c
configure:12529: $? = 0
configure:12529: result: yes
configure:12529: checking for time.h
configure:12529: result: yes
configure:12529: checking for unistd.h
configure:12529: result: yes
configure:12541: checking for ppdOpenFile in -lcups
configure:12566: gcc -o conftest -g -O2   conftest.c -lcups   >&5
configure:12566: $? = 0
configure:12575: result: yes
configure:12586: checking for cupsRasterOpen in -lcupsimage
configure:12611: gcc -o conftest -g -O2   conftest.c -lcupsimage  -lcups  >&5
configure:12611: $? = 0
configure:12620: result: yes
configure:12634: checking for working memcmp
configure:12677: gcc -o conftest -g -O2   conftest.c -lcupsimage -lcups  >&5
configure:12677: $? = 0
configure:12677: ./conftest
configure:12677: $? = 0
configure:12687: result: yes
configure:12696: checking return type of signal handlers
configure:12714: gcc -c -g -O2  conftest.c >&5
conftest.c: In function 'main':
conftest.c:49:10: error: void value not ignored as it ought to be
   49 | return *(signal (0, 0)) (0) == 1;
      |         ~^~~~~~~~~~~~~~~~~~
configure:12714: $? = 1
configure: failed program was:
| /* confdefs.h */
| #define PACKAGE_NAME "Epson Inkjet Printer Driver (ESC/P-R) for Linux"
| #define PACKAGE_TARNAME "epson-inkjet-printer-escpr"
| #define PACKAGE_VERSION "1.8.5"
| #define PACKAGE_STRING "Epson Inkjet Printer Driver (ESC/P-R) for Linux 1.8.5"
| #define PACKAGE_BUGREPORT "Seiko Epson Corporation <linux-printer@epson.jp>"
| #define PACKAGE_URL ""
| #define PACKAGE "epson-inkjet-printer-escpr"
| #define VERSION "1.8.5"
| #define STDC_HEADERS 1
| #define HAVE_SYS_TYPES_H 1
| #define HAVE_SYS_STAT_H 1
| #define HAVE_STDLIB_H 1
| #define HAVE_STRING_H 1
| #define HAVE_MEMORY_H 1
| #define HAVE_STRINGS_H 1
| #define HAVE_INTTYPES_H 1
| #define HAVE_STDINT_H 1
| #define HAVE_UNISTD_H 1
| #define HAVE_DLFCN_H 1
| #define LT_OBJDIR ".libs/"
| #define STDC_HEADERS 1
| #define TIME_WITH_SYS_TIME 1
| #define HAVE_CUPS_CUPS_H 1
| #define HAVE_CUPS_PPD_H 1
| #define HAVE_CUPS_RASTER_H 1
| #define HAVE_CTYPE_H 1
| #define HAVE_ERRNO_H 1
| #define HAVE_FCNTL_H 1
| #define HAVE_MALLOC_H 1
| #define HAVE_SIGNAL_H 1
| #define HAVE_STDARG_H 1
| #define HAVE_STDDEF_H 1
| #define HAVE_STDLIB_H 1
| #define HAVE_STRING_H 1
| #define HAVE_SYS_STAT_H 1
| #define HAVE_SYS_TYPES_H 1
| #define HAVE_TIME_H 1
| #define HAVE_UNISTD_H 1
| #define HAVE_LIBCUPS 1
| #define HAVE_LIBCUPSIMAGE 1
| /* end confdefs.h.  */
| #include <sys/types.h>
| #include <signal.h>
| 
| int
| main ()
| {
| return *(signal (0, 0)) (0) == 1;
|   ;
|   return 0;
| }
configure:12721: result: void
configure:12737: checking for memset
configure:12737: gcc -o conftest -g -O2   conftest.c -lcupsimage -lcups  >&5
conftest.c:67:6: warning: conflicting types for built-in function 'memset'; expected 'void *(void *, int,  long unsigned int)' [-Wbuiltin-declaration-mismatch]
   67 | char memset ();
      |      ^~~~~~
conftest.c:55:1: note: 'memset' is declared in header '<string.h>'
   54 | # include <limits.h>
   55 | #else
configure:12737: $? = 0
configure:12737: result: yes
configure:12737: checking for strcspn
configure:12737: gcc -o conftest -g -O2   conftest.c -lcupsimage -lcups  >&5
conftest.c:68:6: warning: conflicting types for built-in function 'strcspn'; expected 'long unsigned int(const char *, const char *)' [-Wbuiltin-declaration-mismatch]
   68 | char strcspn ();
      |      ^~~~~~~
conftest.c:56:1: note: 'strcspn' is declared in header '<string.h>'
   55 | # include <limits.h>
   56 | #else
configure:12737: $? = 0
configure:12737: result: yes
configure:12737: checking for strerror
configure:12737: gcc -o conftest -g -O2   conftest.c -lcupsimage -lcups  >&5
configure:12737: $? = 0
configure:12737: result: yes
configure:12737: checking for strrchr
configure:12737: gcc -o conftest -g -O2   conftest.c -lcupsimage -lcups  >&5
conftest.c:70:6: warning: conflicting types for built-in function 'strrchr'; expected 'char *(const char *, int)' [-Wbuiltin-declaration-mismatch]
   70 | char strrchr ();
      |      ^~~~~~~
conftest.c:58:1: note: 'strrchr' is declared in header '<string.h>'
   57 | # include <limits.h>
   58 | #else
configure:12737: $? = 0
configure:12737: result: yes
configure:12851: checking that generated files are newer than configure
configure:12857: result: done
configure:12884: creating ./config.status

## ---------------------- ##
## Running config.status. ##
## ---------------------- ##

This file was extended by Epson Inkjet Printer Driver (ESC/P-R) for Linux config.status 1.8.5, which was
generated by GNU Autoconf 2.69.  Invocation command line was

  CONFIG_FILES    = 
  CONFIG_HEADERS  = 
  CONFIG_LINKS    = 
  CONFIG_COMMANDS = 
  $ ./config.status 

on WahpenayoPeak.tahoma.link

config.status:1125: creating Makefile
config.status:1125: creating epson-inkjet-printer-escpr.spec
config.status:1125: creating lsb/lsb-rpm.spec
config.status:1125: creating lib/Makefile
config.status:1125: creating ppd/Makefile
config.status:1125: creating src/Makefile
config.status:1125: creating config.h
config.status:1354: executing depfiles commands
config.status:1354: executing libtool commands

## ---------------- ##
## Cache variables. ##
## ---------------- ##

ac_cv_build=x86_64-pc-linux-gnu
ac_cv_c_compiler_gnu=yes
ac_cv_c_const=yes
ac_cv_env_CC_set=
ac_cv_env_CC_value=
ac_cv_env_CFLAGS_set=
ac_cv_env_CFLAGS_value=
ac_cv_env_CPPFLAGS_set=
ac_cv_env_CPPFLAGS_value=
ac_cv_env_CPP_set=
ac_cv_env_CPP_value=
ac_cv_env_LDFLAGS_set=
ac_cv_env_LDFLAGS_value=
ac_cv_env_LIBS_set=
ac_cv_env_LIBS_value=
ac_cv_env_LT_SYS_LIBRARY_PATH_set=
ac_cv_env_LT_SYS_LIBRARY_PATH_value=
ac_cv_env_build_alias_set=
ac_cv_env_build_alias_value=
ac_cv_env_host_alias_set=
ac_cv_env_host_alias_value=
ac_cv_env_target_alias_set=
ac_cv_env_target_alias_value=
ac_cv_func_memcmp_working=yes
ac_cv_func_memset=yes
ac_cv_func_strcspn=yes
ac_cv_func_strerror=yes
ac_cv_func_strrchr=yes
ac_cv_header_ctype_h=yes
ac_cv_header_cups_cups_h=yes
ac_cv_header_cups_ppd_h=yes
ac_cv_header_cups_raster_h=yes
ac_cv_header_dlfcn_h=yes
ac_cv_header_errno_h=yes
ac_cv_header_fcntl_h=yes
ac_cv_header_inttypes_h=yes
ac_cv_header_malloc_h=yes
ac_cv_header_memory_h=yes
ac_cv_header_signal_h=yes
ac_cv_header_stat_broken=no
ac_cv_header_stdarg_h=yes
ac_cv_header_stdc=yes
ac_cv_header_stddef_h=yes
ac_cv_header_stdint_h=yes
ac_cv_header_stdlib_h=yes
ac_cv_header_string_h=yes
ac_cv_header_strings_h=yes
ac_cv_header_sys_stat_h=yes
ac_cv_header_sys_types_h=yes
ac_cv_header_time=yes
ac_cv_header_time_h=yes
ac_cv_header_unistd_h=yes
ac_cv_host=x86_64-pc-linux-gnu
ac_cv_lib_cups_ppdOpenFile=yes
ac_cv_lib_cupsimage_cupsRasterOpen=yes
ac_cv_objext=o
ac_cv_path_EGREP='/usr/bin/grep -E'
ac_cv_path_FGREP='/usr/bin/grep -F'
ac_cv_path_GREP=/usr/bin/grep
ac_cv_path_SED=/usr/bin/sed
ac_cv_path_install='/usr/bin/install -c'
ac_cv_path_lt_DD=/usr/bin/dd
ac_cv_path_mkdir=/usr/bin/mkdir
ac_cv_prog_AWK=gawk
ac_cv_prog_CPP='gcc -E'
ac_cv_prog_ac_ct_AR=ar
ac_cv_prog_ac_ct_CC=gcc
ac_cv_prog_ac_ct_MANIFEST_TOOL=mt
ac_cv_prog_ac_ct_OBJDUMP=objdump
ac_cv_prog_ac_ct_RANLIB=ranlib
ac_cv_prog_ac_ct_STRIP=strip
ac_cv_prog_cc_c89=
ac_cv_prog_cc_g=yes
ac_cv_prog_have_cups_config=yes
ac_cv_prog_make_make_set=yes
ac_cv_struct_tm=time.h
ac_cv_type_pid_t=yes
ac_cv_type_signal=void
ac_cv_type_size_t=yes
am_cv_CC_dependencies_compiler_type=gcc3
am_cv_make_support_nested_variables=yes
am_cv_prog_cc_c_o=yes
lt_cv_ar_at_file=@
lt_cv_archive_cmds_need_lc=no
lt_cv_deplibs_check_method=pass_all
lt_cv_file_magic_cmd='$MAGIC_CMD'
lt_cv_file_magic_test_file=
lt_cv_ld_reload_flag=-r
lt_cv_nm_interface='BSD nm'
lt_cv_objdir=.libs
lt_cv_path_LD=/usr/bin/ld
lt_cv_path_NM='/usr/bin/nm -B'
lt_cv_path_mainfest_tool=no
lt_cv_prog_compiler_c_o=yes
lt_cv_prog_compiler_pic='-fPIC -DPIC'
lt_cv_prog_compiler_pic_works=yes
lt_cv_prog_compiler_rtti_exceptions=no
lt_cv_prog_compiler_static_works=yes
lt_cv_prog_gnu_ld=yes
lt_cv_sharedlib_from_linklib_cmd='printf %s\n'
lt_cv_shlibpath_overrides_runpath=yes
lt_cv_sys_global_symbol_pipe='sed -n -e '\''s/^.*[	 ]\([ABCDGIRSTW][ABCDGIRSTW]*\)[	 ][	 ]*\([_A-Za-z][_A-Za-z0-9]*\)$/\1 \2 \2/p'\'' | sed '\''/ __gnu_lto/d'\'''
lt_cv_sys_global_symbol_to_c_name_address='sed -n -e '\''s/^: \(.*\) .*$/  {"\1", (void *) 0},/p'\'' -e '\''s/^[ABCDGIRSTW][ABCDGIRSTW]* .* \(.*\)$/  {"\1", (void *) \&\1},/p'\'''
lt_cv_sys_global_symbol_to_c_name_address_lib_prefix='sed -n -e '\''s/^: \(.*\) .*$/  {"\1", (void *) 0},/p'\'' -e '\''s/^[ABCDGIRSTW][ABCDGIRSTW]* .* \(lib.*\)$/  {"\1", (void *) \&\1},/p'\'' -e '\''s/^[ABCDGIRSTW][ABCDGIRSTW]* .* \(.*\)$/  {"lib\1", (void *) \&\1},/p'\'''
lt_cv_sys_global_symbol_to_cdecl='sed -n -e '\''s/^T .* \(.*\)$/extern int \1();/p'\'' -e '\''s/^[ABCDGIRSTW][ABCDGIRSTW]* .* \(.*\)$/extern char \1;/p'\'''
lt_cv_sys_global_symbol_to_import=
lt_cv_sys_max_cmd_len=1572864
lt_cv_to_host_file_cmd=func_convert_file_noop
lt_cv_to_tool_file_cmd=func_convert_file_noop
lt_cv_truncate_bin='/usr/bin/dd bs=4096 count=1'

## ----------------- ##
## Output variables. ##
## ----------------- ##

ACLOCAL='${SHELL} /home/erikbeck/Build/epson-inkjet-printer-escpr/missing aclocal-1.15'
AMDEPBACKSLASH='\'
AMDEP_FALSE='#'
AMDEP_TRUE=''
AMTAR='$${TAR-tar}'
AM_BACKSLASH='\'
AM_DEFAULT_V='$(AM_DEFAULT_VERBOSITY)'
AM_DEFAULT_VERBOSITY='1'
AM_V='$(V)'
AR='ar'
AUTOCONF='${SHELL} /home/erikbeck/Build/epson-inkjet-printer-escpr/missing autoconf'
AUTOHEADER='${SHELL} /home/erikbeck/Build/epson-inkjet-printer-escpr/missing autoheader'
AUTOMAKE='${SHELL} /home/erikbeck/Build/epson-inkjet-printer-escpr/missing automake-1.15'
AWK='gawk'
CC='gcc'
CCDEPMODE='depmode=gcc3'
CFLAGS='-g -O2'
CPP='gcc -E'
CPPFLAGS=''
CUPS_FILTER_DIR='/usr/local/lib/cups/filter'
CUPS_PPD_DIR='/usr/local/share/cups/model'
CYGPATH_W='echo'
DEFS='-DHAVE_CONFIG_H'
DEPDIR='.deps'
DLLTOOL='false'
DSYMUTIL=''
DUMPBIN=''
ECHO_C=''
ECHO_N='-n'
ECHO_T=''
EGREP='/usr/bin/grep -E'
EXEEXT=''
FGREP='/usr/bin/grep -F'
GREP='/usr/bin/grep'
INSTALL_DATA='${INSTALL} -m 644'
INSTALL_PROGRAM='${INSTALL}'
INSTALL_SCRIPT='${INSTALL}'
INSTALL_STRIP_PROGRAM='$(install_sh) -c -s'
INTERNAL_PPD=''
INTERNAL_PPD_OPTION=''
LD='/usr/bin/ld -m elf_x86_64'
LDFLAGS=''
LIBOBJS=''
LIBS='-lcupsimage -lcups '
LIBTOOL='$(SHELL) $(top_builddir)/libtool'
LIPO=''
LN_S='ln -s'
LSB_FALSE='#'
LSB_TRUE=''
LSB_VER='3.2'
LTLIBOBJS=''
LT_SYS_LIBRARY_PATH=''
MAKEINFO='${SHELL} /home/erikbeck/Build/epson-inkjet-printer-escpr/missing makeinfo'
MANIFEST_TOOL=':'
MKDIR_P='/usr/bin/mkdir -p'
NM='/usr/bin/nm -B'
NMEDIT=''
OBJDUMP='objdump'
OBJEXT='o'
OTOOL64=''
OTOOL=''
PACKAGE='epson-inkjet-printer-escpr'
PACKAGE_BUGREPORT='Seiko Epson Corporation <linux-printer@epson.jp>'
PACKAGE_NAME='Epson Inkjet Printer Driver (ESC/P-R) for Linux'
PACKAGE_RELEASE='1'
PACKAGE_STRING='Epson Inkjet Printer Driver (ESC/P-R) for Linux 1.8.5'
PACKAGE_TARNAME='epson-inkjet-printer-escpr'
PACKAGE_URL=''
PACKAGE_VERSION='1.8.5'
PATH_SEPARATOR=':'
RANLIB='ranlib'
SED='/usr/bin/sed'
SET_MAKE=''
SHELL='/bin/bash'
STRIP='strip'
VENDOR_NAME='Seiko Epson Corporation'
VERSION='1.8.5'
ac_ct_AR='ar'
ac_ct_CC='gcc'
ac_ct_DUMPBIN=''
am__EXEEXT_FALSE=''
am__EXEEXT_TRUE='#'
am__fastdepCC_FALSE='#'
am__fastdepCC_TRUE=''
am__include='include'
am__isrc=''
am__leading_dot='.'
am__nodep='_no'
am__quote=''
am__tar='$${TAR-tar} chof - "$$tardir"'
am__untar='$${TAR-tar} xf -'
bindir='${exec_prefix}/bin'
build='x86_64-pc-linux-gnu'
build_alias=''
build_cpu='x86_64'
build_os='linux-gnu'
build_vendor='pc'
datadir='${datarootdir}'
datarootdir='${prefix}/share'
docdir='${datarootdir}/doc/${PACKAGE_TARNAME}'
dvidir='${docdir}'
exec_prefix='${prefix}'
have_cups_config='yes'
host='x86_64-pc-linux-gnu'
host_alias=''
host_cpu='x86_64'
host_os='linux-gnu'
host_vendor='pc'
htmldir='${docdir}'
includedir='${prefix}/include'
infodir='${datarootdir}/info'
install_sh='${SHELL} /home/erikbeck/Build/epson-inkjet-printer-escpr/install-sh'
libdir='${exec_prefix}/lib'
libexecdir='${exec_prefix}/libexec'
localedir='${datarootdir}/locale'
localstatedir='${prefix}/var'
mandir='${datarootdir}/man'
mkdir_p='$(MKDIR_P)'
oldincludedir='/usr/include'
pdfdir='${docdir}'
prefix='/usr/local'
program_transform_name='s,x,x,'
psdir='${docdir}'
runstatedir='${localstatedir}/run'
sbindir='${exec_prefix}/sbin'
sharedstatedir='${prefix}/com'
sysconfdir='${prefix}/etc'
target_alias=''

## ----------- ##
## confdefs.h. ##
## ----------- ##

/* confdefs.h */
#define PACKAGE_NAME "Epson Inkjet Printer Driver (ESC/P-R) for Linux"
#define PACKAGE_TARNAME "epson-inkjet-printer-escpr"
#define PACKAGE_VERSION "1.8.5"
#define PACKAGE_STRING "Epson Inkjet Printer Driver (ESC/P-R) for Linux 1.8.5"
#define PACKAGE_BUGREPORT "Seiko Epson Corporation <linux-printer@epson.jp>"
#define PACKAGE_URL ""
#define PACKAGE "epson-inkjet-printer-escpr"
#define VERSION "1.8.5"
#define STDC_HEADERS 1
#define HAVE_SYS_TYPES_H 1
#define HAVE_SYS_STAT_H 1
#define HAVE_STDLIB_H 1
#define HAVE_STRING_H 1
#define HAVE_MEMORY_H 1
#define HAVE_STRINGS_H 1
#define HAVE_INTTYPES_H 1
#define HAVE_STDINT_H 1
#define HAVE_UNISTD_H 1
#define HAVE_DLFCN_H 1
#define LT_OBJDIR ".libs/"
#define STDC_HEADERS 1
#define TIME_WITH_SYS_TIME 1
#define HAVE_CUPS_CUPS_H 1
#define HAVE_CUPS_PPD_H 1
#define HAVE_CUPS_RASTER_H 1
#define HAVE_CTYPE_H 1
#define HAVE_ERRNO_H 1
#define HAVE_FCNTL_H 1
#define HAVE_MALLOC_H 1
#define HAVE_SIGNAL_H 1
#define HAVE_STDARG_H 1
#define HAVE_STDDEF_H 1
#define HAVE_STDLIB_H 1
#define HAVE_STRING_H 1
#define HAVE_SYS_STAT_H 1
#define HAVE_SYS_TYPES_H 1
#define HAVE_TIME_H 1
#define HAVE_UNISTD_H 1
#define HAVE_LIBCUPS 1
#define HAVE_LIBCUPSIMAGE 1
#define RETSIGTYPE void
#define HAVE_MEMSET 1
#define HAVE_STRCSPN 1
#define HAVE_STRERROR 1
#define HAVE_STRRCHR 1

configure: exit 0
